<?xml version="1.0" encoding="UTF-8"?>
<!-- Generated by org.testng.reporters.JUnitXMLReporter -->
<testsuite hostname="DartlandKitchen" name="Test1" tests="4" failures="0" timestamp="13 Jun 2015 19:04:55 GMT" time="38.118" errors="0">
  <testcase name="LoginTest" time="4.683" classname="ru.st.selenium.LoginTest"/>
  <testcase name="AddNewFilmTestPositive" time="5.91" classname="ru.st.selenium.AddNewFilmTestPositive"/>
  <testcase name="AddNewFilmTestNegative" time="4.311" classname="ru.st.selenium.AddNewFilmTestNegative"/>
  <testcase name="RemoveFilmTest" time="4.871" classname="ru.st.selenium.RemoveFilmTest"/>
</testsuite> <!-- Test1 -->
