<?xml version="1.0" encoding="UTF-8"?>
<!-- Generated by org.testng.reporters.JUnitXMLReporter -->
<testsuite hostname="DartlandKitchen" name="Test1" tests="3" failures="0" timestamp="13 Jun 2015 17:49:57 GMT" time="35.033" errors="0">
  <testcase name="LoginTest" time="6.508" classname="ru.st.selenium.LoginTest"/>
  <testcase name="AddNewFilmTestPositive" time="8.102" classname="ru.st.selenium.AddNewFilmTestPositive"/>
  <testcase name="AddNewFilmTestNegative" time="6.342" classname="ru.st.selenium.AddNewFilmTestNegative"/>
</testsuite> <!-- Test1 -->
