<?xml version="1.0" encoding="UTF-8"?>
<testng-results skipped="0" failed="0" total="3" passed="3">
  <reporter-output>
  </reporter-output>
  <suite name="Tests" duration-ms="35033" started-at="2015-06-13T17:49:22Z" finished-at="2015-06-13T17:49:57Z">
    <groups>
    </groups>
    <test name="Test1" duration-ms="35033" started-at="2015-06-13T17:49:22Z" finished-at="2015-06-13T17:49:57Z">
      <class name="ru.st.selenium.AddNewFilmTestPositive">
        <test-method status="PASS" signature="init()[pri:0, instance:ru.st.selenium.AddNewFilmTestPositive@7d417077]" name="init" is-config="true" duration-ms="57" started-at="2015-06-13T20:49:42Z" finished-at="2015-06-13T20:49:42Z">
          <reporter-output>
          </reporter-output>
        </test-method> <!-- init -->
        <test-method status="PASS" signature="AddNewFilmTestPositive()[pri:0, instance:ru.st.selenium.AddNewFilmTestPositive@7d417077]" name="AddNewFilmTestPositive" duration-ms="8102" started-at="2015-06-13T20:49:42Z" finished-at="2015-06-13T20:49:51Z">
          <reporter-output>
          </reporter-output>
        </test-method> <!-- AddNewFilmTestPositive -->
        <test-method status="PASS" signature="tearDown()[pri:0, instance:ru.st.selenium.AddNewFilmTestPositive@7d417077]" name="tearDown" is-config="true" duration-ms="225" started-at="2015-06-13T20:49:57Z" finished-at="2015-06-13T20:49:57Z">
          <reporter-output>
          </reporter-output>
        </test-method> <!-- tearDown -->
      </class> <!-- ru.st.selenium.AddNewFilmTestPositive -->
      <class name="ru.st.selenium.AddNewFilmTestNegative">
        <test-method status="PASS" signature="init()[pri:0, instance:ru.st.selenium.AddNewFilmTestNegative@7c75222b]" name="init" is-config="true" duration-ms="49" started-at="2015-06-13T20:49:51Z" finished-at="2015-06-13T20:49:51Z">
          <reporter-output>
          </reporter-output>
        </test-method> <!-- init -->
        <test-method status="PASS" signature="AddNewFilmTestNegative()[pri:0, instance:ru.st.selenium.AddNewFilmTestNegative@7c75222b]" name="AddNewFilmTestNegative" duration-ms="6342" started-at="2015-06-13T20:49:51Z" finished-at="2015-06-13T20:49:57Z">
          <reporter-output>
          </reporter-output>
        </test-method> <!-- AddNewFilmTestNegative -->
      </class> <!-- ru.st.selenium.AddNewFilmTestNegative -->
      <class name="ru.st.selenium.LoginTest">
        <test-method status="PASS" signature="init()[pri:0, instance:ru.st.selenium.LoginTest@4c203ea1]" name="init" is-config="true" duration-ms="13956" started-at="2015-06-13T20:49:22Z" finished-at="2015-06-13T20:49:36Z">
          <reporter-output>
          </reporter-output>
        </test-method> <!-- init -->
        <test-method status="PASS" signature="LoginTest()[pri:0, instance:ru.st.selenium.LoginTest@4c203ea1]" name="LoginTest" duration-ms="6508" started-at="2015-06-13T20:49:36Z" finished-at="2015-06-13T20:49:42Z">
          <reporter-output>
          </reporter-output>
        </test-method> <!-- LoginTest -->
      </class> <!-- ru.st.selenium.LoginTest -->
    </test> <!-- Test1 -->
  </suite> <!-- Tests -->
</testng-results>
