<?xml version="1.0" encoding="UTF-8"?>
<testng-results skipped="0" failed="0" total="4" passed="4">
  <reporter-output>
  </reporter-output>
  <suite name="Tests" duration-ms="21295" started-at="2015-06-19T14:32:15Z" finished-at="2015-06-19T14:32:37Z">
    <groups>
    </groups>
    <test name="Test1" duration-ms="21295" started-at="2015-06-19T14:32:15Z" finished-at="2015-06-19T14:32:37Z">
      <class name="ru.st.selenium.AddNewFilmTestPositive">
        <test-method status="PASS" signature="init()[pri:0, instance:ru.st.selenium.AddNewFilmTestPositive@7dc36524]" name="init" is-config="true" duration-ms="93" started-at="2015-06-19T17:32:28Z" finished-at="2015-06-19T17:32:28Z">
          <reporter-output>
          </reporter-output>
        </test-method> <!-- init -->
        <test-method status="PASS" signature="AddNewFilmTestPositive()[pri:0, instance:ru.st.selenium.AddNewFilmTestPositive@7dc36524]" name="AddNewFilmTestPositive" duration-ms="2707" started-at="2015-06-19T17:32:28Z" finished-at="2015-06-19T17:32:30Z">
          <reporter-output>
          </reporter-output>
        </test-method> <!-- AddNewFilmTestPositive -->
        <test-method status="PASS" signature="tearDown()[pri:0, instance:ru.st.selenium.AddNewFilmTestPositive@7dc36524]" name="tearDown" is-config="true" duration-ms="215" started-at="2015-06-19T17:32:37Z" finished-at="2015-06-19T17:32:37Z">
          <reporter-output>
          </reporter-output>
        </test-method> <!-- tearDown -->
      </class> <!-- ru.st.selenium.AddNewFilmTestPositive -->
      <class name="ru.st.selenium.AddNewFilmTestNegative">
        <test-method status="PASS" signature="init()[pri:0, instance:ru.st.selenium.AddNewFilmTestNegative@4c203ea1]" name="init" is-config="true" duration-ms="353" started-at="2015-06-19T17:32:30Z" finished-at="2015-06-19T17:32:31Z">
          <reporter-output>
          </reporter-output>
        </test-method> <!-- init -->
        <test-method status="PASS" signature="AddNewFilmTestNegative()[pri:0, instance:ru.st.selenium.AddNewFilmTestNegative@4c203ea1]" name="AddNewFilmTestNegative" duration-ms="2421" started-at="2015-06-19T17:32:31Z" finished-at="2015-06-19T17:32:33Z">
          <reporter-output>
          </reporter-output>
        </test-method> <!-- AddNewFilmTestNegative -->
      </class> <!-- ru.st.selenium.AddNewFilmTestNegative -->
      <class name="ru.st.selenium.LoginTest">
        <test-method status="PASS" signature="init()[pri:0, instance:ru.st.selenium.LoginTest@27f674d]" name="init" is-config="true" duration-ms="9305" started-at="2015-06-19T17:32:15Z" finished-at="2015-06-19T17:32:25Z">
          <reporter-output>
          </reporter-output>
        </test-method> <!-- init -->
        <test-method status="PASS" signature="LoginTest()[pri:0, instance:ru.st.selenium.LoginTest@27f674d]" name="LoginTest" duration-ms="2992" started-at="2015-06-19T17:32:25Z" finished-at="2015-06-19T17:32:28Z">
          <reporter-output>
          </reporter-output>
        </test-method> <!-- LoginTest -->
      </class> <!-- ru.st.selenium.LoginTest -->
      <class name="ru.st.selenium.RemoveFilmTest">
        <test-method status="PASS" signature="init()[pri:0, instance:ru.st.selenium.RemoveFilmTest@1d251891]" name="init" is-config="true" duration-ms="49" started-at="2015-06-19T17:32:33Z" finished-at="2015-06-19T17:32:33Z">
          <reporter-output>
          </reporter-output>
        </test-method> <!-- init -->
        <test-method status="PASS" signature="RemoveFilmTest()[pri:0, instance:ru.st.selenium.RemoveFilmTest@1d251891]" name="RemoveFilmTest" duration-ms="3347" started-at="2015-06-19T17:32:33Z" finished-at="2015-06-19T17:32:37Z">
          <reporter-output>
          </reporter-output>
        </test-method> <!-- RemoveFilmTest -->
      </class> <!-- ru.st.selenium.RemoveFilmTest -->
    </test> <!-- Test1 -->
  </suite> <!-- Tests -->
</testng-results>
